Start testing: Sep 08 20:11 KST
----------------------------------------------------------
1/23 Testing: Matrix single column (4x1)
1/23 Test: Matrix single column (4x1)
Command: "/home/daniel/cpp_projects/tensor_multiplier/build/test_matrix" "Matrix single column (4x1)"
Directory: /home/daniel/cpp_projects/tensor_multiplier/build
"Matrix single column (4x1)" start time: Sep 08 20:11 KST
Output:
----------------------------------------------------------
Filters: "Matrix single column (4x1)"
Randomness seeded to: 681812381
===============================================================================
All tests passed (6 assertions in 1 test case)

<end of output>
Test time =   0.01 sec
----------------------------------------------------------
Test Passed.
"Matrix single column (4x1)" end time: Sep 08 20:11 KST
"Matrix single column (4x1)" time elapsed: 00:00:00
----------------------------------------------------------

2/23 Testing: Matrix multiply with identity
2/23 Test: Matrix multiply with identity
Command: "/home/daniel/cpp_projects/tensor_multiplier/build/test_matrix" "Matrix multiply with identity"
Directory: /home/daniel/cpp_projects/tensor_multiplier/build
"Matrix multiply with identity" start time: Sep 08 20:11 KST
Output:
----------------------------------------------------------
Filters: "Matrix multiply with identity"
Randomness seeded to: 2839283198
===============================================================================
All tests passed (14 assertions in 1 test case)

<end of output>
Test time =   0.00 sec
----------------------------------------------------------
Test Passed.
"Matrix multiply with identity" end time: Sep 08 20:11 KST
"Matrix multiply with identity" time elapsed: 00:00:00
----------------------------------------------------------

3/23 Testing: Matrix chanigng entry
3/23 Test: Matrix chanigng entry
Command: "/home/daniel/cpp_projects/tensor_multiplier/build/test_matrix" "Matrix chanigng entry"
Directory: /home/daniel/cpp_projects/tensor_multiplier/build
"Matrix chanigng entry" start time: Sep 08 20:11 KST
Output:
----------------------------------------------------------
Filters: "Matrix chanigng entry"
Randomness seeded to: 364632419
===============================================================================
All tests passed (4 assertions in 1 test case)

<end of output>
Test time =   0.00 sec
----------------------------------------------------------
Test Passed.
"Matrix chanigng entry" end time: Sep 08 20:11 KST
"Matrix chanigng entry" time elapsed: 00:00:00
----------------------------------------------------------

4/23 Testing: Matrix at() allows modifying entries
4/23 Test: Matrix at() allows modifying entries
Command: "/home/daniel/cpp_projects/tensor_multiplier/build/test_matrix" "Matrix at() allows modifying entries"
Directory: /home/daniel/cpp_projects/tensor_multiplier/build
"Matrix at() allows modifying entries" start time: Sep 08 20:11 KST
Output:
----------------------------------------------------------
Filters: "Matrix at() allows modifying entries"
Randomness seeded to: 613918812
===============================================================================
All tests passed (2 assertions in 1 test case)

<end of output>
Test time =   0.00 sec
----------------------------------------------------------
Test Passed.
"Matrix at() allows modifying entries" end time: Sep 08 20:11 KST
"Matrix at() allows modifying entries" time elapsed: 00:00:00
----------------------------------------------------------

5/23 Testing: Matrix at() throws on out-of-range indices
5/23 Test: Matrix at() throws on out-of-range indices
Command: "/home/daniel/cpp_projects/tensor_multiplier/build/test_matrix" "Matrix at() throws on out-of-range indices"
Directory: /home/daniel/cpp_projects/tensor_multiplier/build
"Matrix at() throws on out-of-range indices" start time: Sep 08 20:11 KST
Output:
----------------------------------------------------------
Filters: "Matrix at() throws on out-of-range indices"
Randomness seeded to: 1813515893
===============================================================================
All tests passed (4 assertions in 1 test case)

<end of output>
Test time =   0.01 sec
----------------------------------------------------------
Test Passed.
"Matrix at() throws on out-of-range indices" end time: Sep 08 20:11 KST
"Matrix at() throws on out-of-range indices" time elapsed: 00:00:00
----------------------------------------------------------

6/23 Testing: Matrix multiply with zeros
6/23 Test: Matrix multiply with zeros
Command: "/home/daniel/cpp_projects/tensor_multiplier/build/test_matrix" "Matrix multiply with zeros"
Directory: /home/daniel/cpp_projects/tensor_multiplier/build
"Matrix multiply with zeros" start time: Sep 08 20:11 KST
Output:
----------------------------------------------------------
Filters: "Matrix multiply with zeros"
Randomness seeded to: 3679250883
===============================================================================
All tests passed (6 assertions in 1 test case)

<end of output>
Test time =   0.00 sec
----------------------------------------------------------
Test Passed.
"Matrix multiply with zeros" end time: Sep 08 20:11 KST
"Matrix multiply with zeros" time elapsed: 00:00:00
----------------------------------------------------------

7/23 Testing: Matrix rectangular construction - 2x3
7/23 Test: Matrix rectangular construction - 2x3
Command: "/home/daniel/cpp_projects/tensor_multiplier/build/test_matrix" "Matrix rectangular construction - 2x3"
Directory: /home/daniel/cpp_projects/tensor_multiplier/build
"Matrix rectangular construction - 2x3" start time: Sep 08 20:11 KST
Output:
----------------------------------------------------------
Filters: "Matrix rectangular construction - 2x3"
Randomness seeded to: 2416089762
===============================================================================
All tests passed (8 assertions in 1 test case)

<end of output>
Test time =   0.00 sec
----------------------------------------------------------
Test Passed.
"Matrix rectangular construction - 2x3" end time: Sep 08 20:11 KST
"Matrix rectangular construction - 2x3" time elapsed: 00:00:00
----------------------------------------------------------

8/23 Testing: Matrix basic construction
8/23 Test: Matrix basic construction
Command: "/home/daniel/cpp_projects/tensor_multiplier/build/test_matrix" "Matrix basic construction"
Directory: /home/daniel/cpp_projects/tensor_multiplier/build
"Matrix basic construction" start time: Sep 08 20:11 KST
Output:
----------------------------------------------------------
Filters: "Matrix basic construction"
Randomness seeded to: 1542127283
===============================================================================
All tests passed (4 assertions in 1 test case)

<end of output>
Test time =   0.01 sec
----------------------------------------------------------
Test Passed.
"Matrix basic construction" end time: Sep 08 20:11 KST
"Matrix basic construction" time elapsed: 00:00:00
----------------------------------------------------------

9/23 Testing: Matrix multiply: 2x3 * 3x2 (normal A*B)
9/23 Test: Matrix multiply: 2x3 * 3x2 (normal A*B)
Command: "/home/daniel/cpp_projects/tensor_multiplier/build/test_matrix" "Matrix multiply: 2x3 * 3x2 (normal A*B)"
Directory: /home/daniel/cpp_projects/tensor_multiplier/build
"Matrix multiply: 2x3 * 3x2 (normal A*B)" start time: Sep 08 20:11 KST
Output:
----------------------------------------------------------
Filters: "Matrix multiply: 2x3 * 3x2 (normal A*B)"
Randomness seeded to: 3196119417
===============================================================================
All tests passed (6 assertions in 1 test case)

<end of output>
Test time =   0.01 sec
----------------------------------------------------------
Test Passed.
"Matrix multiply: 2x3 * 3x2 (normal A*B)" end time: Sep 08 20:11 KST
"Matrix multiply: 2x3 * 3x2 (normal A*B)" time elapsed: 00:00:00
----------------------------------------------------------

10/23 Testing: MatrixCalculator rejects incompatible shapes
10/23 Test: MatrixCalculator rejects incompatible shapes
Command: "/home/daniel/cpp_projects/tensor_multiplier/build/test_matrix" "MatrixCalculator rejects incompatible shapes"
Directory: /home/daniel/cpp_projects/tensor_multiplier/build
"MatrixCalculator rejects incompatible shapes" start time: Sep 08 20:11 KST
Output:
----------------------------------------------------------
Filters: "MatrixCalculator rejects incompatible shapes"
Randomness seeded to: 235895373
===============================================================================
All tests passed (1 assertion in 1 test case)

<end of output>
Test time =   0.00 sec
----------------------------------------------------------
Test Passed.
"MatrixCalculator rejects incompatible shapes" end time: Sep 08 20:11 KST
"MatrixCalculator rejects incompatible shapes" time elapsed: 00:00:00
----------------------------------------------------------

11/23 Testing: Matrix multiply: 1xN · Nx1 gives 1x1 (dot product)
11/23 Test: Matrix multiply: 1xN · Nx1 gives 1x1 (dot product)
Command: "/home/daniel/cpp_projects/tensor_multiplier/build/test_matrix" "Matrix multiply: 1xN · Nx1 gives 1x1 (dot product)"
Directory: /home/daniel/cpp_projects/tensor_multiplier/build
"Matrix multiply: 1xN · Nx1 gives 1x1 (dot product)" start time: Sep 08 20:11 KST
Output:
----------------------------------------------------------
Filters: "Matrix multiply: 1xN · Nx1 gives 1x1 (dot product)"
Randomness seeded to: 1442912518
===============================================================================
All tests passed (3 assertions in 1 test case)

<end of output>
Test time =   0.00 sec
----------------------------------------------------------
Test Passed.
"Matrix multiply: 1xN · Nx1 gives 1x1 (dot product)" end time: Sep 08 20:11 KST
"Matrix multiply: 1xN · Nx1 gives 1x1 (dot product)" time elapsed: 00:00:00
----------------------------------------------------------

12/23 Testing: Matrix single row (1x4)
12/23 Test: Matrix single row (1x4)
Command: "/home/daniel/cpp_projects/tensor_multiplier/build/test_matrix" "Matrix single row (1x4)"
Directory: /home/daniel/cpp_projects/tensor_multiplier/build
"Matrix single row (1x4)" start time: Sep 08 20:11 KST
Output:
----------------------------------------------------------
Filters: "Matrix single row (1x4)"
Randomness seeded to: 2371508072
===============================================================================
All tests passed (6 assertions in 1 test case)

<end of output>
Test time =   0.00 sec
----------------------------------------------------------
Test Passed.
"Matrix single row (1x4)" end time: Sep 08 20:11 KST
"Matrix single row (1x4)" time elapsed: 00:00:00
----------------------------------------------------------

13/23 Testing: Matrix rectangular construction - 3x2
13/23 Test: Matrix rectangular construction - 3x2
Command: "/home/daniel/cpp_projects/tensor_multiplier/build/test_matrix" "Matrix rectangular construction - 3x2"
Directory: /home/daniel/cpp_projects/tensor_multiplier/build
"Matrix rectangular construction - 3x2" start time: Sep 08 20:11 KST
Output:
----------------------------------------------------------
Filters: "Matrix rectangular construction - 3x2"
Randomness seeded to: 3703197893
===============================================================================
All tests passed (8 assertions in 1 test case)

<end of output>
Test time =   0.00 sec
----------------------------------------------------------
Test Passed.
"Matrix rectangular construction - 3x2" end time: Sep 08 20:11 KST
"Matrix rectangular construction - 3x2" time elapsed: 00:00:00
----------------------------------------------------------

14/23 Testing: RowMajorLayout: 2D mapping
14/23 Test: RowMajorLayout: 2D mapping
Command: "/home/daniel/cpp_projects/tensor_multiplier/build/test_rowmajor" "RowMajorLayout: 2D mapping"
Directory: /home/daniel/cpp_projects/tensor_multiplier/build
"RowMajorLayout: 2D mapping" start time: Sep 08 20:11 KST
Output:
----------------------------------------------------------
Filters: "RowMajorLayout: 2D mapping"
Randomness seeded to: 902602858
===============================================================================
All tests passed (5 assertions in 1 test case)

<end of output>
Test time =   0.00 sec
----------------------------------------------------------
Test Passed.
"RowMajorLayout: 2D mapping" end time: Sep 08 20:11 KST
"RowMajorLayout: 2D mapping" time elapsed: 00:00:00
----------------------------------------------------------

15/23 Testing: RowMajorLayout: 1D degenerate case
15/23 Test: RowMajorLayout: 1D degenerate case
Command: "/home/daniel/cpp_projects/tensor_multiplier/build/test_rowmajor" "RowMajorLayout: 1D degenerate case"
Directory: /home/daniel/cpp_projects/tensor_multiplier/build
"RowMajorLayout: 1D degenerate case" start time: Sep 08 20:11 KST
Output:
----------------------------------------------------------
Filters: "RowMajorLayout: 1D degenerate case"
Randomness seeded to: 2462062206
===============================================================================
All tests passed (4 assertions in 1 test case)

<end of output>
Test time =   0.01 sec
----------------------------------------------------------
Test Passed.
"RowMajorLayout: 1D degenerate case" end time: Sep 08 20:11 KST
"RowMajorLayout: 1D degenerate case" time elapsed: 00:00:00
----------------------------------------------------------

16/23 Testing: RowMajorLayout: larger dims sanity check
16/23 Test: RowMajorLayout: larger dims sanity check
Command: "/home/daniel/cpp_projects/tensor_multiplier/build/test_rowmajor" "RowMajorLayout: larger dims sanity check"
Directory: /home/daniel/cpp_projects/tensor_multiplier/build
"RowMajorLayout: larger dims sanity check" start time: Sep 08 20:11 KST
Output:
----------------------------------------------------------
Filters: "RowMajorLayout: larger dims sanity check"
Randomness seeded to: 739670951
===============================================================================
All tests passed (2 assertions in 1 test case)

<end of output>
Test time =   0.00 sec
----------------------------------------------------------
Test Passed.
"RowMajorLayout: larger dims sanity check" end time: Sep 08 20:11 KST
"RowMajorLayout: larger dims sanity check" time elapsed: 00:00:00
----------------------------------------------------------

17/23 Testing: RowMajorLayout: rank mismatch throws
17/23 Test: RowMajorLayout: rank mismatch throws
Command: "/home/daniel/cpp_projects/tensor_multiplier/build/test_rowmajor" "RowMajorLayout: rank mismatch throws"
Directory: /home/daniel/cpp_projects/tensor_multiplier/build
"RowMajorLayout: rank mismatch throws" start time: Sep 08 20:11 KST
Output:
----------------------------------------------------------
Filters: "RowMajorLayout: rank mismatch throws"
Randomness seeded to: 2930083469
===============================================================================
All tests passed (2 assertions in 1 test case)

<end of output>
Test time =   0.01 sec
----------------------------------------------------------
Test Passed.
"RowMajorLayout: rank mismatch throws" end time: Sep 08 20:11 KST
"RowMajorLayout: rank mismatch throws" time elapsed: 00:00:00
----------------------------------------------------------

18/23 Testing: RowMajorLayout: stride construction for 3D
18/23 Test: RowMajorLayout: stride construction for 3D
Command: "/home/daniel/cpp_projects/tensor_multiplier/build/test_rowmajor" "RowMajorLayout: stride construction for 3D"
Directory: /home/daniel/cpp_projects/tensor_multiplier/build
"RowMajorLayout: stride construction for 3D" start time: Sep 08 20:11 KST
Output:
----------------------------------------------------------
Filters: "RowMajorLayout: stride construction for 3D"
Randomness seeded to: 576035948
===============================================================================
All tests passed (7 assertions in 1 test case)

<end of output>
Test time =   0.00 sec
----------------------------------------------------------
Test Passed.
"RowMajorLayout: stride construction for 3D" end time: Sep 08 20:11 KST
"RowMajorLayout: stride construction for 3D" time elapsed: 00:00:00
----------------------------------------------------------

19/23 Testing: Tensor throws on mismatched size
19/23 Test: Tensor throws on mismatched size
Command: "/home/daniel/cpp_projects/tensor_multiplier/build/test_tensor" "Tensor throws on mismatched size"
Directory: /home/daniel/cpp_projects/tensor_multiplier/build
"Tensor throws on mismatched size" start time: Sep 08 20:11 KST
Output:
----------------------------------------------------------
Filters: "Tensor throws on mismatched size"
Randomness seeded to: 4094840615
===============================================================================
All tests passed (1 assertion in 1 test case)

<end of output>
Test time =   0.00 sec
----------------------------------------------------------
Test Passed.
"Tensor throws on mismatched size" end time: Sep 08 20:11 KST
"Tensor throws on mismatched size" time elapsed: 00:00:00
----------------------------------------------------------

20/23 Testing: Tensor construction and shape check
20/23 Test: Tensor construction and shape check
Command: "/home/daniel/cpp_projects/tensor_multiplier/build/test_tensor" "Tensor construction and shape check"
Directory: /home/daniel/cpp_projects/tensor_multiplier/build
"Tensor construction and shape check" start time: Sep 08 20:11 KST
Output:
----------------------------------------------------------
Filters: "Tensor construction and shape check"
Randomness seeded to: 1329257818
===============================================================================
All tests passed (5 assertions in 1 test case)

<end of output>
Test time =   0.00 sec
----------------------------------------------------------
Test Passed.
"Tensor construction and shape check" end time: Sep 08 20:11 KST
"Tensor construction and shape check" time elapsed: 00:00:00
----------------------------------------------------------

21/23 Testing: Tensor construction and shape check - bigger dimensions
21/23 Test: Tensor construction and shape check - bigger dimensions
Command: "/home/daniel/cpp_projects/tensor_multiplier/build/test_tensor" "Tensor construction and shape check - bigger dimensions"
Directory: /home/daniel/cpp_projects/tensor_multiplier/build
"Tensor construction and shape check - bigger dimensions" start time: Sep 08 20:11 KST
Output:
----------------------------------------------------------
Filters: "Tensor construction and shape check - bigger dimensions"
Randomness seeded to: 854126714
===============================================================================
All tests passed (7 assertions in 1 test case)

<end of output>
Test time =   0.00 sec
----------------------------------------------------------
Test Passed.
"Tensor construction and shape check - bigger dimensions" end time: Sep 08 20:11 KST
"Tensor construction and shape check - bigger dimensions" time elapsed: 00:00:00
----------------------------------------------------------

22/23 Testing: Tensor out-of-range coordinate throws
22/23 Test: Tensor out-of-range coordinate throws
Command: "/home/daniel/cpp_projects/tensor_multiplier/build/test_tensor" "Tensor out-of-range coordinate throws"
Directory: /home/daniel/cpp_projects/tensor_multiplier/build
"Tensor out-of-range coordinate throws" start time: Sep 08 20:11 KST
Output:
----------------------------------------------------------
Filters: "Tensor out-of-range coordinate throws"
Randomness seeded to: 3036659032
===============================================================================
All tests passed (3 assertions in 1 test case)

<end of output>
Test time =   0.00 sec
----------------------------------------------------------
Test Passed.
"Tensor out-of-range coordinate throws" end time: Sep 08 20:11 KST
"Tensor out-of-range coordinate throws" time elapsed: 00:00:00
----------------------------------------------------------

23/23 Testing: Tensor element access with at()
23/23 Test: Tensor element access with at()
Command: "/home/daniel/cpp_projects/tensor_multiplier/build/test_tensor" "Tensor element access with at()"
Directory: /home/daniel/cpp_projects/tensor_multiplier/build
"Tensor element access with at()" start time: Sep 08 20:11 KST
Output:
----------------------------------------------------------
Filters: "Tensor element access with at()"
Randomness seeded to: 2172454776
===============================================================================
All tests passed (6 assertions in 1 test case)

<end of output>
Test time =   0.00 sec
----------------------------------------------------------
Test Passed.
"Tensor element access with at()" end time: Sep 08 20:11 KST
"Tensor element access with at()" time elapsed: 00:00:00
----------------------------------------------------------

End testing: Sep 08 20:11 KST
