TN:
SF:/home/daniel/cpp_projects/tensor_multiplier/src/matrix.cpp
FNL:0,16,25
FNA:0,164,_ZNK6Matrix2atEmm
FNL:1,27,36
FNA:1,85,_ZN6Matrix2atEmm
FNL:2,38,38
FNA:2,290,_ZNK6Matrix4rowsEv
FNL:3,39,39
FNA:3,664,_ZNK6Matrix4colsEv
FNL:4,43,51
FNA:4,6,_ZN16MatrixCalculatorC2ERK6MatrixS2_
FNL:5,5,14
FNA:5,25,_ZN6MatrixC2EmmSt6vectorIiSaIiEE
FNL:6,54,54
FNA:6,5,_ZNK16MatrixCalculator1AEv
FNL:7,55,55
FNA:7,5,_ZNK16MatrixCalculator1BEv
FNL:8,57,74
FNA:8,5,_ZNK16MatrixCalculator8multiplyEv
FNF:9
FNH:9
DA:5,25
DA:6,50
DA:11,25
DA:12,0
DA:14,25
DA:16,164
DA:21,164
DA:22,0
DA:24,164
DA:27,85
DA:32,85
DA:33,4
DA:35,81
DA:38,290
DA:39,664
DA:43,6
DA:44,6
DA:45,5
DA:46,1
DA:47,0
DA:49,1
DA:51,5
DA:54,5
DA:55,5
DA:57,5
DA:58,5
DA:59,5
DA:61,5
DA:62,16
DA:63,38
DA:64,27
DA:65,109
DA:66,82
DA:68,27
DA:72,5
DA:74,0
LF:36
LH:32
end_of_record
